[debug] [2024-02-16T04:48:33.115Z] ----------------------------------------------------------------------
[debug] [2024-02-16T04:48:33.117Z] Command:       C:\Program Files\nodejs\node.exe C:\Users\user\AppData\Roaming\npm\node_modules\firebase-tools\lib\bin\firebase.js init
[debug] [2024-02-16T04:48:33.118Z] CLI Version:   13.3.0
[debug] [2024-02-16T04:48:33.118Z] Platform:      win32
[debug] [2024-02-16T04:48:33.118Z] Node Version:  v18.16.0
[debug] [2024-02-16T04:48:33.119Z] Time:          Fri Feb 16 2024 13:48:33 GMT+0900 (대한민국 표준시)
[debug] [2024-02-16T04:48:33.119Z] ----------------------------------------------------------------------
[debug] 
[debug] [2024-02-16T04:48:33.123Z] >>> [apiv2][query] GET https://firebase-public.firebaseio.com/cli.json [none]
[debug] [2024-02-16T04:48:33.176Z] > command requires scopes: ["email","openid","https://www.googleapis.com/auth/cloudplatformprojects.readonly","https://www.googleapis.com/auth/firebase","https://www.googleapis.com/auth/cloud-platform"]
[debug] [2024-02-16T04:48:33.177Z] > authorizing via signed-in user (gudwls9966@gmail.com)
[info] 
     ######## #### ########  ######## ########     ###     ######  ########
     ##        ##  ##     ## ##       ##     ##  ##   ##  ##       ##
     ######    ##  ########  ######   ########  #########  ######  ######
     ##        ##  ##    ##  ##       ##     ## ##     ##       ## ##
     ##       #### ##     ## ######## ########  ##     ##  ######  ########

You're about to initialize a Firebase project in this directory:

  C:\Users\user\Desktop\WebKit\Community

[debug] [2024-02-16T04:48:33.737Z] <<< [apiv2][status] GET https://firebase-public.firebaseio.com/cli.json 200
[debug] [2024-02-16T04:48:33.739Z] <<< [apiv2][body] GET https://firebase-public.firebaseio.com/cli.json {"cloudBuildErrorAfter":1594252800000,"cloudBuildWarnAfter":1590019200000,"defaultNode10After":1594252800000,"minVersion":"3.0.5","node8DeploysDisabledAfter":1613390400000,"node8RuntimeDisabledAfter":1615809600000,"node8WarnAfter":1600128000000}
[info] 
=== Project Setup
[info] 
[info] First, let's associate this project directory with a Firebase project.
[info] You can create multiple project aliases by running firebase use --add, 
[info] but for now we'll just set up a default project.
[info] 
[debug] [2024-02-16T04:48:43.748Z] > refreshing access token with scopes: []
[debug] [2024-02-16T04:48:43.749Z] >>> [apiv2][query] POST https://www.googleapis.com/oauth2/v3/token [none]
[debug] [2024-02-16T04:48:43.749Z] >>> [apiv2][body] POST https://www.googleapis.com/oauth2/v3/token [omitted]
[debug] [2024-02-16T04:48:44.047Z] <<< [apiv2][status] POST https://www.googleapis.com/oauth2/v3/token 200
[debug] [2024-02-16T04:48:44.047Z] <<< [apiv2][body] POST https://www.googleapis.com/oauth2/v3/token [omitted]
[debug] [2024-02-16T04:48:44.059Z] >>> [apiv2][query] GET https://firebase.googleapis.com/v1beta1/projects pageSize=100
[debug] [2024-02-16T04:48:44.851Z] <<< [apiv2][status] GET https://firebase.googleapis.com/v1beta1/projects 200
[debug] [2024-02-16T04:48:44.851Z] <<< [apiv2][body] GET https://firebase.googleapis.com/v1beta1/projects [omitted]
[info] i  Using project node-server-3d477 (node-server) 
[info] 
=== Firestore Setup
[debug] [2024-02-16T04:48:57.822Z] >>> [apiv2][query] GET https://serviceusage.googleapis.com/v1/projects/node-server-3d477/services/firestore.googleapis.com [none]
[debug] [2024-02-16T04:48:57.822Z] >>> [apiv2][(partial)header] GET https://serviceusage.googleapis.com/v1/projects/node-server-3d477/services/firestore.googleapis.com x-goog-quota-user=projects/node-server-3d477
[debug] [2024-02-16T04:48:59.274Z] <<< [apiv2][status] GET https://serviceusage.googleapis.com/v1/projects/node-server-3d477/services/firestore.googleapis.com 200
[debug] [2024-02-16T04:48:59.276Z] <<< [apiv2][body] GET https://serviceusage.googleapis.com/v1/projects/node-server-3d477/services/firestore.googleapis.com [omitted]
[debug] [2024-02-16T04:48:59.280Z] >>> [apiv2][query] GET https://firestore.googleapis.com/v1/projects/node-server-3d477/databases/(default) [none]
[debug] [2024-02-16T04:48:59.491Z] <<< [apiv2][status] GET https://firestore.googleapis.com/v1/projects/node-server-3d477/databases/(default) 200
[debug] [2024-02-16T04:48:59.492Z] <<< [apiv2][body] GET https://firestore.googleapis.com/v1/projects/node-server-3d477/databases/(default) {"name":"projects/node-server-3d477/databases/(default)","uid":"db3c5cb2-a294-4dae-8936-bd8622f4d138","createTime":"2024-02-15T06:26:55.479499Z","updateTime":"2024-02-15T06:26:55.479499Z","locationId":"asia-northeast3","type":"FIRESTORE_NATIVE","concurrencyMode":"PESSIMISTIC","versionRetentionPeriod":"3600s","earliestVersionTime":"2024-02-16T03:48:57.941132Z","appEngineIntegrationMode":"DISABLED","keyPrefix":"v","pointInTimeRecoveryEnablement":"POINT_IN_TIME_RECOVERY_DISABLED","deleteProtectionState":"DELETE_PROTECTION_DISABLED","etag":"IKK0gbKHr4QDMK2xw7PhrIQD"}
[debug] [2024-02-16T04:48:59.493Z] database_type: FIRESTORE_NATIVE
[debug] [2024-02-16T04:48:59.493Z] > command requires scopes: ["email","openid","https://www.googleapis.com/auth/cloudplatformprojects.readonly","https://www.googleapis.com/auth/firebase","https://www.googleapis.com/auth/cloud-platform"]
[debug] [2024-02-16T04:48:59.493Z] > authorizing via signed-in user (gudwls9966@gmail.com)
[debug] [2024-02-16T04:48:59.494Z] [iam] checking project node-server-3d477 for permissions ["firebase.projects.get"]
[debug] [2024-02-16T04:48:59.494Z] >>> [apiv2][query] POST https://cloudresourcemanager.googleapis.com/v1/projects/node-server-3d477:testIamPermissions [none]
[debug] [2024-02-16T04:48:59.495Z] >>> [apiv2][(partial)header] POST https://cloudresourcemanager.googleapis.com/v1/projects/node-server-3d477:testIamPermissions x-goog-quota-user=projects/node-server-3d477
[debug] [2024-02-16T04:48:59.495Z] >>> [apiv2][body] POST https://cloudresourcemanager.googleapis.com/v1/projects/node-server-3d477:testIamPermissions {"permissions":["firebase.projects.get"]}
[debug] [2024-02-16T04:49:00.455Z] <<< [apiv2][status] POST https://cloudresourcemanager.googleapis.com/v1/projects/node-server-3d477:testIamPermissions 200
[debug] [2024-02-16T04:49:00.455Z] <<< [apiv2][body] POST https://cloudresourcemanager.googleapis.com/v1/projects/node-server-3d477:testIamPermissions {"permissions":["firebase.projects.get"]}
[info] 
[info] Firestore Security Rules allow you to define how and when to allow
[info] requests. You can keep these rules in your project directory
[info] and publish them with firebase deploy.
[info] 
[debug] [2024-02-16T04:49:09.361Z] >>> [apiv2][query] GET https://firebaserules.googleapis.com/v1/projects/node-server-3d477/releases pageSize=10&pageToken=
[debug] [2024-02-16T04:49:09.873Z] <<< [apiv2][status] GET https://firebaserules.googleapis.com/v1/projects/node-server-3d477/releases 200
[debug] [2024-02-16T04:49:09.873Z] <<< [apiv2][body] GET https://firebaserules.googleapis.com/v1/projects/node-server-3d477/releases {"releases":[{"name":"projects/node-server-3d477/releases/cloud.firestore","rulesetName":"projects/node-server-3d477/rulesets/307cb830-4e49-4726-8159-9a74bab5590d","createTime":"2024-02-15T06:27:30.394813Z","updateTime":"2024-02-15T06:57:14.540171Z"},{"name":"projects/node-server-3d477/releases/firebase.storage/node-server-3d477.appspot.com","rulesetName":"projects/node-server-3d477/rulesets/e7ccb356-e8a7-4d84-aa37-54bce0104889","createTime":"2024-02-15T06:28:58.738338Z","updateTime":"2024-02-15T06:57:13.336561Z"}]}
[debug] [2024-02-16T04:49:09.873Z] Found ruleset: projects/node-server-3d477/rulesets/307cb830-4e49-4726-8159-9a74bab5590d
[debug] [2024-02-16T04:49:09.874Z] >>> [apiv2][query] GET https://firebaserules.googleapis.com/v1/projects/node-server-3d477/rulesets/307cb830-4e49-4726-8159-9a74bab5590d [none]
[debug] [2024-02-16T04:49:11.033Z] <<< [apiv2][status] GET https://firebaserules.googleapis.com/v1/projects/node-server-3d477/rulesets/307cb830-4e49-4726-8159-9a74bab5590d 200
[debug] [2024-02-16T04:49:11.033Z] <<< [apiv2][body] GET https://firebaserules.googleapis.com/v1/projects/node-server-3d477/rulesets/307cb830-4e49-4726-8159-9a74bab5590d [omitted]
[info] 
[info] Firestore indexes allow you to perform complex queries while
[info] maintaining performance that scales with the size of the result
[info] set. You can keep index definitions in your project directory
[info] and publish them with firebase deploy.
[info] 
